[23:45:41] [Server thread/INFO]: Starting minecraft server version 1.8.4
[23:45:41] [Server thread/WARN]: To start the server with more ram, launch it as "java -Xmx1024M -Xms1024M -jar minecraft_server.jar"
[23:45:41] [Server thread/INFO]: Loading properties
[23:45:41] [Server thread/INFO]: Default game type: SURVIVAL
[23:45:41] [Server thread/INFO]: Generating keypair
[23:45:41] [Server thread/INFO]: Starting Minecraft server on *:25565
[23:45:41] [Server thread/INFO]: Using default channel type
[23:45:42] [Server thread/WARN]: **** SERVER IS RUNNING IN OFFLINE/INSECURE MODE!
[23:45:42] [Server thread/WARN]: The server will make no attempt to authenticate usernames. Beware.
[23:45:42] [Server thread/WARN]: While this makes the game possible to play without internet access, it also opens up the ability for hackers to connect with any username they choose.
[23:45:42] [Server thread/WARN]: To change this, set "online-mode" to "true" in the server.properties file.
[23:45:42] [Server thread/INFO]: Preparing level "skarn"
[23:45:42] [Server thread/INFO]: Preparing start region for level 0
[23:45:43] [Server thread/INFO]: Preparing spawn area: 69%
[23:45:43] [Server thread/INFO]: Done (1.493s)! For help, type "help" or "?"
[23:45:50] [Server thread/INFO]: mingshuai[/115.193.161.132:30537] logged in with entity id 387 at (3.043827747465885, 73.0, 13.878164009748334)
[23:45:50] [Server thread/INFO]: mingshuai joined the game
[23:45:54] [Server thread/WARN]: Can't keep up! Did the system time change, or is the server overloaded? Running 3180ms behind, skipping 63 tick(s)
[23:45:57] [Server thread/INFO]: mingshuai was slain by Zombie Pigman
[23:46:14] [Server thread/WARN]: Can't keep up! Did the system time change, or is the server overloaded? Running 2128ms behind, skipping 42 tick(s)
[23:46:17] [Server thread/INFO]: mingshuai was slain by Zombie Pigman
[23:46:57] [Server thread/WARN]: Can't keep up! Did the system time change, or is the server overloaded? Running 25253ms behind, skipping 505 tick(s)
[23:46:59] [Server thread/WARN]: Can't keep up! Did the system time change, or is the server overloaded? Running 2333ms behind, skipping 46 tick(s)
[23:47:35] [Server thread/WARN]: Can't keep up! Did the system time change, or is the server overloaded? Running 2562ms behind, skipping 51 tick(s)
[23:47:59] [Server thread/WARN]: Can't keep up! Did the system time change, or is the server overloaded? Running 6312ms behind, skipping 126 tick(s)
[23:49:19] [Server thread/WARN]: Can't keep up! Did the system time change, or is the server overloaded? Running 2156ms behind, skipping 43 tick(s)
[23:49:44] [Server thread/INFO]: mingshuai was slain by Zombie Pigman
[23:49:53] [Server thread/WARN]: Can't keep up! Did the system time change, or is the server overloaded? Running 4268ms behind, skipping 85 tick(s)
[23:50:05] [Server thread/INFO]: mingshuai was slain by Zombie Pigman
[23:50:09] [Server thread/WARN]: Can't keep up! Did the system time change, or is the server overloaded? Running 2047ms behind, skipping 40 tick(s)
[23:50:16] [Server thread/INFO]: mingshuai was slain by Zombie Pigman
[23:50:40] [Server thread/INFO]: mingshuai was slain by Zombie Pigman
[23:51:17] [Server thread/INFO]: mingshuai was slain by Zombie Pigman
[23:52:18] [Server thread/WARN]: Can't keep up! Did the system time change, or is the server overloaded? Running 4552ms behind, skipping 91 tick(s)
[23:52:19] [Server thread/INFO]: mingshuai was slain by Zombie Pigman
[23:52:47] [Server thread/WARN]: Can't keep up! Did the system time change, or is the server overloaded? Running 2751ms behind, skipping 55 tick(s)
[23:52:48] [Server thread/INFO]: mingshuai was slain by Zombie Pigman
[23:53:07] [Server thread/WARN]: Can't keep up! Did the system time change, or is the server overloaded? Running 2106ms behind, skipping 42 tick(s)
[23:53:10] [Server thread/INFO]: mingshuai was slain by Zombie Pigman
[23:53:21] [Server thread/INFO]: mingshuai was slain by Zombie Pigman
[23:53:24] [Server thread/WARN]: Can't keep up! Did the system time change, or is the server overloaded? Running 2509ms behind, skipping 50 tick(s)
[23:53:27] [Server thread/INFO]: mingshuai was slain by Zombie Pigman
[23:54:04] [Server thread/WARN]: Can't keep up! Did the system time change, or is the server overloaded? Running 6275ms behind, skipping 125 tick(s)
[23:54:05] [Server thread/INFO]: mingshuai was slain by Zombie Pigman
[23:54:19] [Server thread/WARN]: Can't keep up! Did the system time change, or is the server overloaded? Running 3473ms behind, skipping 69 tick(s)
[23:54:31] [Server thread/INFO]: [mingshuai: Set own game mode to Creative Mode]
[23:54:49] [Server thread/WARN]: Can't keep up! Did the system time change, or is the server overloaded? Running 4693ms behind, skipping 93 tick(s)
[23:55:01] [Server thread/WARN]: Can't keep up! Did the system time change, or is the server overloaded? Running 2006ms behind, skipping 40 tick(s)
[23:55:49] [Server thread/INFO]: [mingshuai: Set own game mode to Survival Mode]
[23:56:16] [Server thread/INFO]: mingshuai was fireballed by Ghast
[23:56:20] [Server thread/WARN]: Can't keep up! Did the system time change, or is the server overloaded? Running 2005ms behind, skipping 40 tick(s)
[23:56:54] [Server thread/WARN]: Can't keep up! Did the system time change, or is the server overloaded? Running 2358ms behind, skipping 47 tick(s)
[23:57:22] [Server thread/WARN]: Can't keep up! Did the system time change, or is the server overloaded? Running 3418ms behind, skipping 68 tick(s)
[23:57:24] [Server thread/INFO]: mingshuai was fireballed by Ghast
[23:57:51] [Server thread/WARN]: Can't keep up! Did the system time change, or is the server overloaded? Running 2463ms behind, skipping 49 tick(s)
[23:58:08] [Server thread/INFO]: mingshuai went up in flames
[23:58:31] [Server thread/WARN]: Can't keep up! Did the system time change, or is the server overloaded? Running 2071ms behind, skipping 41 tick(s)
[23:59:39] [Server thread/WARN]: Can't keep up! Did the system time change, or is the server overloaded? Running 4053ms behind, skipping 81 tick(s)
[23:59:54] [Server thread/INFO]: mingshuai lost connection: TextComponent{text='Disconnected', siblings=[], style=Style{hasParent=false, color=null, bold=null, italic=null, underlined=null, obfuscated=null, clickEvent=null, hoverEvent=null, insertion=null}}
[23:59:54] [Server thread/INFO]: mingshuai left the game
